<?xml version="1.0" encoding="UTF-8"?>
<!-- Generated by org.testng.reporters.JUnitReportReporter -->
<testsuite hostname="SubhanPC" failures="0" tests="5" name="Native_App.Api_demos" time="21.169" errors="0" timestamp="2024-07-26T17:21:00 IST" skipped="4">
  <testcase classname="Native_App.Api_demos" name="switchapp" time="21.169"/>
  <system-out/>
  <testcase classname="Native_App.Api_demos" name="scroll">
    <skipped/>
  </testcase> <!-- scroll -->
  <system-out/>
  <testcase classname="Native_App.Api_demos" name="opennotifications">
    <skipped/>
  </testcase> <!-- opennotifications -->
  <system-out/>
  <testcase classname="Native_App.Api_demos" name="preferencesettings">
    <skipped/>
  </testcase> <!-- preferencesettings -->
  <system-out/>
  <testcase classname="Native_App.Api_demos" name="Longpress">
    <skipped/>
  </testcase> <!-- Longpress -->
  <system-out/>
</testsuite> <!-- Native_App.Api_demos -->
